[2016/11/12 12:33:12]启动购彩程序...
[2016/11/12 12:33:13]读取配置信息...
[2016/11/12 12:33:13]初始化机头彩种信息...
[2016/11/12 12:33:14]读取现金信息...
[2016/11/12 12:33:14]硬币个数:0,纸币张数:0,购买余额:0
[2016/11/12 12:33:14]加载机头彩种图片...
[2016/11/12 12:33:14]初始化异常:D:\Intradak\client\trunk\YTDSST\YTDSST\bin\x86\Release//Images//10_8.png
[2016/11/12 12:34:05]启动购彩程序...
[2016/11/12 12:34:06]读取配置信息...
[2016/11/12 12:34:06]初始化机头彩种信息...
[2016/11/12 12:34:06]读取现金信息...
[2016/11/12 12:34:06]硬币个数:0,纸币张数:0,购买余额:0
[2016/11/12 12:34:06]加载机头彩种图片...
[2016/11/12 12:34:06]初始化异常:D:\Intradak\client\trunk\YTDSST\YTDSST\bin\x86\Release//Images//10_8.png
[2016/11/12 12:34:35]启动购彩程序...
[2016/11/12 12:34:35]读取配置信息...
[2016/11/12 12:34:35]初始化机头彩种信息...
[2016/11/12 12:34:35]读取现金信息...
[2016/11/12 12:34:35]硬币个数:0,纸币张数:0,购买余额:0
[2016/11/12 12:34:35]加载机头彩种图片...
[2016/11/12 12:34:35]初始化异常:D:\Intradak\client\trunk\YTDSST\YTDSST\bin\x86\Release//Images//10_8.png
[2016/11/12 12:35:44]启动购彩程序...
[2016/11/12 12:35:44]读取配置信息...
[2016/11/12 12:35:44]初始化机头彩种信息...
[2016/11/12 12:35:45]读取现金信息...
[2016/11/12 12:35:45]硬币个数:0,纸币张数:0,购买余额:0
[2016/11/12 12:35:45]加载机头彩种图片...
[2016/11/12 12:35:45]初始化异常:D:\Intradak\client\trunk\YTDSST\YTDSST\bin\x86\Release//Images//10_8.png
[2016/11/12 12:36:18]启动购彩程序...
[2016/11/12 12:36:19]读取配置信息...
[2016/11/12 12:36:19]初始化机头彩种信息...
[2016/11/12 12:36:19]读取现金信息...
[2016/11/12 12:36:19]硬币个数:0,纸币张数:0,购买余额:0
[2016/11/12 12:36:19]加载机头彩种图片...
[2016/11/12 12:36:19]初始化异常:D:\Intradak\client\trunk\YTDSST\YTDSST\bin\x86\Release//Images//10_8.png
