[2016/12/1 16:27:35]启动购彩程序...
[2016/12/1 16:27:36]读取配置信息...
[2016/12/1 16:27:36]初始化机头彩种信息...
[2016/12/1 16:27:37]读取现金信息...
[2016/12/1 16:27:37]硬币个数:0,纸币张数:0,购买余额:0
[2016/12/1 16:27:37]加载机头彩种图片...
[2016/12/1 16:27:37]初始化异常:D:\Intradak\client\trunk\YTDSST\YTDSST\bin\x86\Release//Images//196_8.png
[2016/12/1 18:23:21]启动购彩程序...
[2016/12/1 18:23:23]读取配置信息...
[2016/12/1 18:23:23]初始化机头彩种信息...
[2016/12/1 18:23:23]读取现金信息...
[2016/12/1 18:23:23]硬币个数:0,纸币张数:0,购买余额:0
[2016/12/1 18:23:23]加载机头彩种图片...
[2016/12/1 18:23:23]初始化异常:D:\Intradak\client\trunk\YTDSST\YTDSST\bin\x86\Release//Images//196_8.png
[2016/12/1 18:25:39]启动购彩程序...
[2016/12/1 18:25:39]读取配置信息...
[2016/12/1 18:25:39]初始化机头彩种信息...
[2016/12/1 18:25:39]读取现金信息...
[2016/12/1 18:25:39]硬币个数:0,纸币张数:0,购买余额:0
[2016/12/1 18:25:40]加载机头彩种图片...
[2016/12/1 18:25:40]初始化异常:D:\Intradak\client\trunk\YTDSST\YTDSST\bin\x86\Release//Images//196_8.png
[2016/12/1 18:26:34]启动购彩程序...
[2016/12/1 18:26:34]读取配置信息...
[2016/12/1 18:26:34]初始化机头彩种信息...
[2016/12/1 18:26:35]读取现金信息...
[2016/12/1 18:26:35]硬币个数:0,纸币张数:0,购买余额:0
[2016/12/1 18:26:35]加载机头彩种图片...
[2016/12/1 18:26:35]初始化异常:D:\Intradak\client\trunk\YTDSST\YTDSST\bin\x86\Release//Images//196_8.png
[2016/12/1 18:28:36]启动购彩程序...
[2016/12/1 18:28:36]读取配置信息...
[2016/12/1 18:28:36]初始化机头彩种信息...
[2016/12/1 18:28:36]读取现金信息...
[2016/12/1 18:28:36]硬币个数:0,纸币张数:0,购买余额:0
[2016/12/1 18:28:37]加载机头彩种图片...
[2016/12/1 18:28:37]初始化异常:D:\Intradak\client\trunk\YTDSST\YTDSST\bin\x86\Release//Images//196_8.png
[2016/12/1 18:35:28]启动购彩程序...
[2016/12/1 18:35:28]读取配置信息...
[2016/12/1 18:35:28]初始化机头彩种信息...
[2016/12/1 18:35:29]读取现金信息...
[2016/12/1 18:35:29]硬币个数:0,纸币张数:0,购买余额:0
[2016/12/1 18:35:29]加载机头彩种图片...
[2016/12/1 18:35:29]初始化异常:D:\Intradak\client\trunk\YTDSST\YTDSST\bin\x86\Release//Images//196_8.png
[2016/12/1 18:35:56]启动购彩程序...
[2016/12/1 18:35:57]读取配置信息...
[2016/12/1 18:35:57]初始化机头彩种信息...
[2016/12/1 18:35:57]读取现金信息...
[2016/12/1 18:35:57]硬币个数:0,纸币张数:0,购买余额:0
[2016/12/1 18:35:57]加载机头彩种图片...
[2016/12/1 18:35:57]初始化异常:D:\Intradak\client\trunk\YTDSST\YTDSST\bin\x86\Release//Images//196_8.png
[2016/12/1 18:45:07]启动购彩程序...
[2016/12/1 18:45:08]读取配置信息...
[2016/12/1 18:45:08]初始化机头彩种信息...
[2016/12/1 18:45:08]读取现金信息...
[2016/12/1 18:45:08]硬币个数:0,纸币张数:0,购买余额:0
[2016/12/1 18:45:08]加载机头彩种图片...
[2016/12/1 18:45:08]初始化异常:D:\Intradak\client\trunk\YTDSST\YTDSST\bin\x86\Release//Images//196_8.png
