[2016/11/20 22:32:24]启动购彩程序...
[2016/11/20 22:32:25]读取配置信息...
[2016/11/20 22:32:25]初始化机头彩种信息...
[2016/11/20 22:32:25]读取现金信息...
[2016/11/20 22:32:25]硬币个数:0,纸币张数:0,购买余额:0
[2016/11/20 22:32:26]加载机头彩种图片...
[2016/11/20 22:32:26]初始化异常:D:\Intradak\client\trunk\YTDSST\YTDSST\bin\x86\Release//Images//196_8.png
[2016/11/20 22:33:15]启动购彩程序...
[2016/11/20 22:33:15]读取配置信息...
[2016/11/20 22:33:15]初始化机头彩种信息...
[2016/11/20 22:33:16]读取现金信息...
[2016/11/20 22:33:16]硬币个数:0,纸币张数:0,购买余额:0
[2016/11/20 22:33:16]加载机头彩种图片...
[2016/11/20 22:33:16]初始化异常:D:\Intradak\client\trunk\YTDSST\YTDSST\bin\x86\Release//Images//196_8.png
[2016/11/20 22:34:17]启动购彩程序...
[2016/11/20 22:34:18]读取配置信息...
[2016/11/20 22:34:18]初始化机头彩种信息...
[2016/11/20 22:34:19]读取现金信息...
[2016/11/20 22:34:19]硬币个数:0,纸币张数:0,购买余额:0
[2016/11/20 22:34:19]加载机头彩种图片...
[2016/11/20 22:34:19]初始化异常:D:\Intradak\client\trunk\YTDSST\YTDSST\bin\x86\Release//Images//196_8.png
[2016/11/20 22:34:53]启动购彩程序...
[2016/11/20 22:34:54]读取配置信息...
[2016/11/20 22:34:54]初始化机头彩种信息...
[2016/11/20 22:34:54]读取现金信息...
[2016/11/20 22:34:54]硬币个数:0,纸币张数:0,购买余额:0
[2016/11/20 22:34:54]加载机头彩种图片...
[2016/11/20 22:34:54]初始化异常:D:\Intradak\client\trunk\YTDSST\YTDSST\bin\x86\Release//Images//196_8.png
