[2016/11/16 17:44:26]启动购彩程序...
[2016/11/16 17:44:27]读取配置信息...
[2016/11/16 17:44:27]初始化机头彩种信息...
[2016/11/16 17:44:28]读取现金信息...
[2016/11/16 17:44:28]硬币个数:0,纸币张数:0,购买余额:0
[2016/11/16 17:44:28]加载机头彩种图片...
[2016/11/16 17:44:28]初始化异常:D:\Intradak\client\trunk\YTDSST\YTDSST\bin\x86\Release//Images//196_8.png
[2016/11/16 17:49:58]启动购彩程序...
[2016/11/16 17:49:59]读取配置信息...
[2016/11/16 17:49:59]初始化机头彩种信息...
[2016/11/16 17:49:59]读取现金信息...
[2016/11/16 17:49:59]硬币个数:0,纸币张数:0,购买余额:0
[2016/11/16 17:49:59]加载机头彩种图片...
[2016/11/16 17:49:59]初始化异常:D:\Intradak\client\trunk\YTDSST\YTDSST\bin\x86\Release//Images//196_8.png
[2016/11/16 18:06:09]启动购彩程序...
[2016/11/16 18:06:09]读取配置信息...
[2016/11/16 18:06:09]初始化机头彩种信息...
[2016/11/16 18:06:10]读取现金信息...
[2016/11/16 18:06:10]硬币个数:0,纸币张数:0,购买余额:0
[2016/11/16 18:06:10]加载机头彩种图片...
[2016/11/16 18:06:10]初始化异常:D:\Intradak\client\trunk\YTDSST\YTDSST\bin\x86\Release//Images//196_8.png
[2016/11/16 18:19:10]启动购彩程序...
[2016/11/16 18:19:10]读取配置信息...
[2016/11/16 18:19:10]初始化机头彩种信息...
[2016/11/16 18:19:11]读取现金信息...
[2016/11/16 18:19:11]硬币个数:0,纸币张数:0,购买余额:0
[2016/11/16 18:19:11]加载机头彩种图片...
[2016/11/16 18:19:11]初始化异常:D:\Intradak\client\trunk\YTDSST\YTDSST\bin\x86\Release//Images//196_8.png
[2016/11/16 18:29:14]启动购彩程序...
[2016/11/16 18:29:15]读取配置信息...
[2016/11/16 18:29:15]初始化机头彩种信息...
[2016/11/16 18:29:15]读取现金信息...
[2016/11/16 18:29:15]硬币个数:0,纸币张数:0,购买余额:0
[2016/11/16 18:29:16]加载机头彩种图片...
[2016/11/16 18:29:16]初始化异常:D:\Intradak\client\trunk\YTDSST\YTDSST\bin\x86\Release//Images//196_8.png
[2016/11/16 18:31:00]启动购彩程序...
[2016/11/16 18:31:01]读取配置信息...
[2016/11/16 18:31:01]初始化机头彩种信息...
[2016/11/16 18:31:01]读取现金信息...
[2016/11/16 18:31:01]硬币个数:0,纸币张数:0,购买余额:0
[2016/11/16 18:31:01]加载机头彩种图片...
[2016/11/16 18:31:01]初始化异常:D:\Intradak\client\trunk\YTDSST\YTDSST\bin\x86\Release//Images//196_8.png
[2016/11/16 18:32:50]启动购彩程序...
[2016/11/16 18:32:50]读取配置信息...
[2016/11/16 18:32:50]初始化机头彩种信息...
[2016/11/16 18:32:51]读取现金信息...
[2016/11/16 18:32:51]硬币个数:0,纸币张数:0,购买余额:0
[2016/11/16 18:32:51]加载机头彩种图片...
[2016/11/16 18:32:51]初始化异常:D:\Intradak\client\trunk\YTDSST\YTDSST\bin\x86\Release//Images//196_8.png
[2016/11/16 18:36:09]启动购彩程序...
[2016/11/16 18:36:10]读取配置信息...
[2016/11/16 18:36:10]初始化机头彩种信息...
[2016/11/16 18:36:11]读取现金信息...
[2016/11/16 18:36:11]硬币个数:0,纸币张数:0,购买余额:0
[2016/11/16 18:36:11]加载机头彩种图片...
[2016/11/16 18:36:11]初始化异常:D:\Intradak\client\trunk\YTDSST\YTDSST\bin\x86\Release//Images//196_8.png
[2016/11/16 18:37:07]启动购彩程序...
[2016/11/16 18:37:08]读取配置信息...
[2016/11/16 18:37:08]初始化机头彩种信息...
[2016/11/16 18:37:08]读取现金信息...
[2016/11/16 18:37:08]硬币个数:0,纸币张数:0,购买余额:0
[2016/11/16 18:37:08]加载机头彩种图片...
[2016/11/16 18:37:09]初始化异常:D:\Intradak\client\trunk\YTDSST\YTDSST\bin\x86\Release//Images//196_8.png
[2016/11/16 18:52:33]启动购彩程序...
[2016/11/16 18:52:34]读取配置信息...
[2016/11/16 18:52:34]初始化机头彩种信息...
[2016/11/16 18:52:34]读取现金信息...
[2016/11/16 18:52:34]硬币个数:0,纸币张数:0,购买余额:0
[2016/11/16 18:52:35]加载机头彩种图片...
[2016/11/16 18:52:35]初始化异常:D:\Intradak\client\trunk\YTDSST\YTDSST\bin\x86\Release//Images//196_8.png
