[2016/11/17 9:36:00]启动购彩程序...
[2016/11/17 9:36:01]读取配置信息...
[2016/11/17 9:36:01]初始化机头彩种信息...
[2016/11/17 9:36:01]读取现金信息...
[2016/11/17 9:36:01]硬币个数:0,纸币张数:0,购买余额:0
[2016/11/17 9:36:01]加载机头彩种图片...
[2016/11/17 9:36:01]初始化异常:D:\Intradak\client\trunk\YTDSST\YTDSST\bin\x86\Release//Images//196_8.png
[2016/11/17 9:49:14]启动购彩程序...
[2016/11/17 9:49:15]读取配置信息...
[2016/11/17 9:49:15]初始化机头彩种信息...
[2016/11/17 9:49:15]读取现金信息...
[2016/11/17 9:49:15]硬币个数:0,纸币张数:0,购买余额:0
[2016/11/17 9:49:15]加载机头彩种图片...
[2016/11/17 9:49:15]初始化异常:D:\Intradak\client\trunk\YTDSST\YTDSST\bin\x86\Release//Images//196_8.png
[2016/11/17 9:52:53]启动购彩程序...
[2016/11/17 9:52:53]读取配置信息...
[2016/11/17 9:52:53]初始化机头彩种信息...
[2016/11/17 9:52:54]读取现金信息...
[2016/11/17 9:52:54]硬币个数:0,纸币张数:0,购买余额:0
[2016/11/17 9:52:54]加载机头彩种图片...
[2016/11/17 9:52:54]初始化异常:D:\Intradak\client\trunk\YTDSST\YTDSST\bin\x86\Release//Images//196_8.png
[2016/11/17 10:05:09]启动购彩程序...
[2016/11/17 10:05:09]读取配置信息...
[2016/11/17 10:05:09]初始化机头彩种信息...
[2016/11/17 10:05:10]读取现金信息...
[2016/11/17 10:05:10]硬币个数:0,纸币张数:0,购买余额:0
[2016/11/17 10:05:10]加载机头彩种图片...
[2016/11/17 10:05:10]初始化异常:D:\Intradak\client\trunk\YTDSST\YTDSST\bin\x86\Release//Images//196_8.png
[2016/11/17 11:16:56]启动购彩程序...
[2016/11/17 11:16:57]读取配置信息...
[2016/11/17 11:16:57]初始化机头彩种信息...
[2016/11/17 11:16:57]读取现金信息...
[2016/11/17 11:16:57]硬币个数:0,纸币张数:0,购买余额:0
[2016/11/17 11:16:57]加载机头彩种图片...
[2016/11/17 11:16:58]初始化异常:D:\Intradak\client\trunk\YTDSST\YTDSST\bin\x86\Release//Images//196_8.png
[2016/11/17 11:17:49]启动购彩程序...
[2016/11/17 11:17:50]读取配置信息...
[2016/11/17 11:17:50]初始化机头彩种信息...
[2016/11/17 11:17:50]读取现金信息...
[2016/11/17 11:17:50]硬币个数:0,纸币张数:0,购买余额:0
[2016/11/17 11:17:50]加载机头彩种图片...
[2016/11/17 11:17:50]初始化异常:D:\Intradak\client\trunk\YTDSST\YTDSST\bin\x86\Release//Images//196_8.png
[2016/11/17 11:18:29]启动购彩程序...
[2016/11/17 11:18:29]读取配置信息...
[2016/11/17 11:18:29]初始化机头彩种信息...
[2016/11/17 11:18:30]读取现金信息...
[2016/11/17 11:18:30]硬币个数:0,纸币张数:0,购买余额:0
[2016/11/17 11:18:30]加载机头彩种图片...
[2016/11/17 11:18:30]初始化异常:D:\Intradak\client\trunk\YTDSST\YTDSST\bin\x86\Release//Images//196_8.png
