[2016/12/27 10:02:36]启动购彩程序...
[2016/12/27 10:32:50]启动购彩程序...
[2016/12/27 10:58:33]启动购彩程序...
[2016/12/27 10:58:34]读取配置信息...
[2016/12/27 10:58:34]更新远程主机信息...
[2016/12/27 10:58:34]初始化机头彩种信息...
[2016/12/27 10:58:34]初始化异常:unable to open database file
[2016/12/27 11:00:33]启动购彩程序...
[2016/12/27 11:00:33]读取配置信息...
[2016/12/27 11:00:33]更新远程主机信息...
[2016/12/27 11:00:33]初始化机头彩种信息...
[2016/12/27 11:00:34]初始化异常:unable to open database file
[2016/12/27 11:03:41]启动购彩程序...
[2016/12/27 11:03:42]读取配置信息...
[2016/12/27 11:03:42]更新远程主机信息...
[2016/12/27 11:03:42]初始化机头彩种信息...
[2016/12/27 11:03:42]初始化异常:unable to open database file
[2016/12/27 11:18:02]启动购彩程序...
[2016/12/27 11:18:02]读取配置信息...
[2016/12/27 11:18:02]更新远程主机信息...
[2016/12/27 11:18:02]初始化机头彩种信息...
[2016/12/27 11:18:02]初始化异常:unable to open database file
[2016/12/27 11:19:05]启动购彩程序...
[2016/12/27 11:19:06]读取配置信息...
[2016/12/27 11:19:06]更新远程主机信息...
[2016/12/27 11:19:06]初始化机头彩种信息...
[2016/12/27 11:19:06]初始化异常:unable to open database file
