[2016/11/12 0:08:20]启动购彩程序...
[2016/11/12 0:08:20]读取配置信息...
[2016/11/12 0:08:20]初始化机头彩种信息...
[2016/11/12 0:08:20]读取现金信息...
[2016/11/12 0:08:20]硬币个数:0,纸币张数:0,购买余额:0
[2016/11/12 0:08:20]加载机头彩种图片...
[2016/11/12 0:08:20]加载机头彩种图片成功!
[2016/11/12 0:08:31]机头异常:端口被关闭。
[2016/11/12 0:08:31]初始化找币器...
[2016/11/12 0:08:31]找币器:端口被关闭。
[2016/11/12 0:08:31]启动控制板定时器: timerQuery
[2016/11/12 0:08:31]控制板:端口被关闭。
[2016/11/12 0:08:31]初始化硬币器...
[2016/11/12 0:08:31]硬币器:端口被关闭。
[2016/11/12 0:08:31]初始化纸币收币器...
[2016/11/12 0:08:31]初始化纸币收币器成功!
[2016/11/12 0:08:31]启动定时器: timerLotteryCount, timerReceiveCoin, timerReceiveCash, timerShowMessage
[2016/11/12 0:08:31]当前兑奖模式:INTRADAK_SG
[2016/11/12 0:08:31]启动SG兑奖心跳包，开始发心跳
[2016/11/12 0:09:27]启动购彩程序...
[2016/11/12 0:09:27]读取配置信息...
[2016/11/12 0:09:27]初始化机头彩种信息...
[2016/11/12 0:09:28]读取现金信息...
[2016/11/12 0:09:28]硬币个数:0,纸币张数:0,购买余额:0
[2016/11/12 0:09:28]加载机头彩种图片...
[2016/11/12 0:09:28]加载机头彩种图片成功!
[2016/11/12 0:09:38]机头异常:端口被关闭。
[2016/11/12 0:09:38]初始化找币器...
[2016/11/12 0:09:38]找币器:端口被关闭。
[2016/11/12 0:09:38]启动控制板定时器: timerQuery
[2016/11/12 0:09:38]控制板:端口被关闭。
[2016/11/12 0:09:38]初始化硬币器...
[2016/11/12 0:09:38]硬币器:端口被关闭。
[2016/11/12 0:09:38]初始化纸币收币器...
[2016/11/12 0:09:38]初始化纸币收币器成功!
[2016/11/12 0:09:38]启动定时器: timerLotteryCount, timerReceiveCoin, timerReceiveCash, timerShowMessage
[2016/11/12 0:09:38]当前兑奖模式:INTRADAK_SG
[2016/11/12 0:09:38]启动SG兑奖心跳包，开始发心跳
[2016/11/12 0:13:02]启动购彩程序...
[2016/11/12 0:13:02]读取配置信息...
[2016/11/12 0:13:02]初始化机头彩种信息...
[2016/11/12 0:13:03]读取现金信息...
[2016/11/12 0:13:03]硬币个数:0,纸币张数:0,购买余额:0
[2016/11/12 0:13:03]加载机头彩种图片...
[2016/11/12 0:13:03]加载机头彩种图片成功!
[2016/11/12 0:13:13]机头异常:端口被关闭。
[2016/11/12 0:13:13]初始化找币器...
[2016/11/12 0:13:13]找币器:端口被关闭。
[2016/11/12 0:13:13]启动控制板定时器: timerQuery
[2016/11/12 0:13:13]控制板:端口被关闭。
[2016/11/12 0:13:13]初始化硬币器...
[2016/11/12 0:13:13]硬币器:端口被关闭。
[2016/11/12 0:13:13]初始化纸币收币器...
[2016/11/12 0:13:13]初始化纸币收币器成功!
[2016/11/12 0:13:13]启动定时器: timerLotteryCount, timerReceiveCoin, timerReceiveCash, timerShowMessage
[2016/11/12 0:13:13]当前兑奖模式:INTRADAK_SG
[2016/11/12 0:13:13]启动SG兑奖心跳包，开始发心跳
[2016/11/12 0:15:38]启动购彩程序...
[2016/11/12 0:15:38]读取配置信息...
[2016/11/12 0:15:38]初始化机头彩种信息...
[2016/11/12 0:15:38]读取现金信息...
[2016/11/12 0:15:38]硬币个数:0,纸币张数:0,购买余额:0
[2016/11/12 0:15:38]加载机头彩种图片...
[2016/11/12 0:15:38]加载机头彩种图片成功!
[2016/11/12 0:15:49]机头异常:端口被关闭。
[2016/11/12 0:15:49]初始化找币器...
[2016/11/12 0:15:49]找币器:端口被关闭。
[2016/11/12 0:15:49]启动控制板定时器: timerQuery
[2016/11/12 0:15:49]控制板:端口被关闭。
[2016/11/12 0:15:49]初始化硬币器...
[2016/11/12 0:15:49]硬币器:端口被关闭。
[2016/11/12 0:15:49]初始化纸币收币器...
[2016/11/12 0:15:49]初始化纸币收币器成功!
[2016/11/12 0:15:49]启动定时器: timerLotteryCount, timerReceiveCoin, timerReceiveCash, timerShowMessage
[2016/11/12 0:15:49]当前兑奖模式:INTRADAK_SG
[2016/11/12 0:15:49]启动SG兑奖心跳包，开始发心跳
[2016/11/12 0:20:14]启动购彩程序...
[2016/11/12 0:20:15]读取配置信息...
[2016/11/12 0:20:15]初始化机头彩种信息...
[2016/11/12 0:20:15]读取现金信息...
[2016/11/12 0:20:15]硬币个数:0,纸币张数:0,购买余额:0
[2016/11/12 0:20:15]加载机头彩种图片...
[2016/11/12 0:20:15]加载机头彩种图片成功!
[2016/11/12 0:20:25]机头异常:端口被关闭。
[2016/11/12 0:20:25]初始化找币器...
[2016/11/12 0:20:25]找币器:端口被关闭。
[2016/11/12 0:20:25]启动控制板定时器: timerQuery
[2016/11/12 0:20:25]控制板:端口被关闭。
[2016/11/12 0:20:25]初始化硬币器...
[2016/11/12 0:20:25]硬币器:端口被关闭。
[2016/11/12 0:20:25]初始化纸币收币器...
[2016/11/12 0:20:25]初始化纸币收币器成功!
[2016/11/12 0:20:25]启动定时器: timerLotteryCount, timerReceiveCoin, timerReceiveCash, timerShowMessage
[2016/11/12 0:20:25]当前兑奖模式:INTRADAK_SG
[2016/11/12 0:20:25]启动SG兑奖心跳包，开始发心跳
[2016/11/12 0:23:41]启动购彩程序...
[2016/11/12 0:23:42]读取配置信息...
[2016/11/12 0:23:42]初始化机头彩种信息...
[2016/11/12 0:23:42]读取现金信息...
[2016/11/12 0:23:42]硬币个数:0,纸币张数:0,购买余额:0
[2016/11/12 0:23:42]加载机头彩种图片...
[2016/11/12 0:23:42]加载机头彩种图片成功!
[2016/11/12 0:24:13]启动购彩程序...
[2016/11/12 0:24:14]读取配置信息...
[2016/11/12 0:24:14]初始化机头彩种信息...
[2016/11/12 0:24:14]读取现金信息...
[2016/11/12 0:24:14]硬币个数:0,纸币张数:0,购买余额:0
[2016/11/12 0:24:14]加载机头彩种图片...
[2016/11/12 0:24:14]加载机头彩种图片成功!
[2016/11/12 0:24:24]机头异常:端口被关闭。
[2016/11/12 0:24:24]初始化找币器...
[2016/11/12 0:24:24]找币器:端口被关闭。
[2016/11/12 0:24:24]启动控制板定时器: timerQuery
[2016/11/12 0:24:24]控制板:端口被关闭。
[2016/11/12 0:24:24]初始化硬币器...
[2016/11/12 0:24:24]硬币器:端口被关闭。
[2016/11/12 0:24:24]初始化纸币收币器...
[2016/11/12 0:24:24]初始化纸币收币器成功!
[2016/11/12 0:24:24]启动定时器: timerLotteryCount, timerReceiveCoin, timerReceiveCash, timerShowMessage
[2016/11/12 0:24:24]当前兑奖模式:INTRADAK_SG
[2016/11/12 0:24:24]启动SG兑奖心跳包，开始发心跳
[2016/11/12 0:24:49]启动购彩程序...
[2016/11/12 0:24:50]读取配置信息...
[2016/11/12 0:24:50]初始化机头彩种信息...
[2016/11/12 0:24:50]读取现金信息...
[2016/11/12 0:24:50]硬币个数:0,纸币张数:0,购买余额:0
[2016/11/12 0:24:50]加载机头彩种图片...
[2016/11/12 0:24:50]加载机头彩种图片成功!
[2016/11/12 0:25:00]机头异常:端口被关闭。
[2016/11/12 0:25:00]初始化找币器...
[2016/11/12 0:25:00]找币器:端口被关闭。
[2016/11/12 0:25:00]启动控制板定时器: timerQuery
[2016/11/12 0:25:00]控制板:端口被关闭。
[2016/11/12 0:25:00]初始化硬币器...
[2016/11/12 0:25:00]硬币器:端口被关闭。
[2016/11/12 0:25:00]初始化纸币收币器...
[2016/11/12 0:25:00]初始化纸币收币器成功!
[2016/11/12 0:25:00]启动定时器: timerLotteryCount, timerReceiveCoin, timerReceiveCash, timerShowMessage
[2016/11/12 0:25:00]当前兑奖模式:INTRADAK_SG
[2016/11/12 0:25:00]启动SG兑奖心跳包，开始发心跳
[2016/11/12 0:25:03]启动购彩程序...
[2016/11/12 0:25:03]读取配置信息...
[2016/11/12 0:25:03]初始化机头彩种信息...
[2016/11/12 0:25:04]读取现金信息...
[2016/11/12 0:25:04]硬币个数:0,纸币张数:0,购买余额:0
[2016/11/12 0:25:04]加载机头彩种图片...
[2016/11/12 0:25:04]加载机头彩种图片成功!
[2016/11/12 0:28:28]启动购彩程序...
[2016/11/12 0:28:28]读取配置信息...
[2016/11/12 0:28:28]初始化机头彩种信息...
[2016/11/12 0:28:28]读取现金信息...
[2016/11/12 0:28:28]硬币个数:0,纸币张数:0,购买余额:0
[2016/11/12 0:28:28]加载机头彩种图片...
[2016/11/12 0:28:28]加载机头彩种图片成功!
