[2016/11/11 23:54:33]启动购彩程序...
[2016/11/11 23:54:34]读取配置信息...
[2016/11/11 23:54:34]初始化机头彩种信息...
[2016/11/11 23:54:34]读取现金信息...
[2016/11/11 23:54:34]硬币个数:0,纸币张数:0,购买余额:0
[2016/11/11 23:54:34]加载机头彩种图片...
[2016/11/11 23:54:34]加载机头彩种图片成功!
[2016/11/11 23:54:44]机头异常:端口被关闭。
[2016/11/11 23:54:44]初始化找币器...
[2016/11/11 23:54:44]找币器:端口被关闭。
[2016/11/11 23:54:44]启动控制板定时器: timerQuery
[2016/11/11 23:54:44]控制板:端口被关闭。
[2016/11/11 23:54:44]初始化硬币器...
[2016/11/11 23:54:44]硬币器:端口被关闭。
[2016/11/11 23:54:44]初始化纸币收币器...
[2016/11/11 23:54:44]初始化纸币收币器成功!
[2016/11/11 23:54:44]启动定时器: timerLotteryCount, timerReceiveCoin, timerReceiveCash, timerShowMessage
[2016/11/11 23:54:44]当前兑奖模式:INTRADAK_SG
[2016/11/11 23:54:45]启动SG兑奖心跳包，开始发心跳
[2016/11/11 23:55:24]启动购彩程序...
[2016/11/11 23:55:24]读取配置信息...
[2016/11/11 23:55:24]初始化机头彩种信息...
[2016/11/11 23:55:25]读取现金信息...
[2016/11/11 23:55:25]硬币个数:0,纸币张数:0,购买余额:0
[2016/11/11 23:55:25]加载机头彩种图片...
[2016/11/11 23:55:25]加载机头彩种图片成功!
[2016/11/11 23:55:35]机头异常:端口被关闭。
[2016/11/11 23:55:35]初始化找币器...
[2016/11/11 23:55:35]找币器:端口被关闭。
[2016/11/11 23:55:35]启动控制板定时器: timerQuery
[2016/11/11 23:55:35]控制板:端口被关闭。
[2016/11/11 23:55:35]初始化硬币器...
[2016/11/11 23:55:35]硬币器:端口被关闭。
[2016/11/11 23:55:35]初始化纸币收币器...
[2016/11/11 23:55:35]初始化纸币收币器成功!
[2016/11/11 23:55:35]启动定时器: timerLotteryCount, timerReceiveCoin, timerReceiveCash, timerShowMessage
[2016/11/11 23:55:35]当前兑奖模式:INTRADAK_SG
[2016/11/11 23:55:35]启动SG兑奖心跳包，开始发心跳
[2016/11/11 23:56:22]启动购彩程序...
[2016/11/11 23:56:22]读取配置信息...
[2016/11/11 23:56:22]初始化机头彩种信息...
[2016/11/11 23:56:22]读取现金信息...
[2016/11/11 23:56:22]硬币个数:0,纸币张数:0,购买余额:0
[2016/11/11 23:56:22]加载机头彩种图片...
[2016/11/11 23:56:22]加载机头彩种图片成功!
[2016/11/11 23:56:32]机头异常:端口被关闭。
[2016/11/11 23:56:32]初始化找币器...
[2016/11/11 23:56:33]找币器:端口被关闭。
[2016/11/11 23:56:33]启动控制板定时器: timerQuery
[2016/11/11 23:56:33]控制板:端口被关闭。
[2016/11/11 23:56:33]初始化硬币器...
[2016/11/11 23:56:33]硬币器:端口被关闭。
[2016/11/11 23:56:33]初始化纸币收币器...
[2016/11/11 23:56:33]初始化纸币收币器成功!
[2016/11/11 23:56:33]启动定时器: timerLotteryCount, timerReceiveCoin, timerReceiveCash, timerShowMessage
[2016/11/11 23:56:33]当前兑奖模式:INTRADAK_SG
[2016/11/11 23:56:33]启动SG兑奖心跳包，开始发心跳
[2016/11/11 23:59:24]启动购彩程序...
[2016/11/11 23:59:24]读取配置信息...
[2016/11/11 23:59:24]初始化机头彩种信息...
[2016/11/11 23:59:24]读取现金信息...
[2016/11/11 23:59:24]硬币个数:0,纸币张数:0,购买余额:0
[2016/11/11 23:59:24]加载机头彩种图片...
[2016/11/11 23:59:24]加载机头彩种图片成功!
[2016/11/11 23:59:34]机头异常:端口被关闭。
[2016/11/11 23:59:34]初始化找币器...
[2016/11/11 23:59:34]找币器:端口被关闭。
[2016/11/11 23:59:34]启动控制板定时器: timerQuery
[2016/11/11 23:59:34]控制板:端口被关闭。
[2016/11/11 23:59:34]初始化硬币器...
[2016/11/11 23:59:34]硬币器:端口被关闭。
[2016/11/11 23:59:34]初始化纸币收币器...
[2016/11/11 23:59:34]初始化纸币收币器成功!
[2016/11/11 23:59:34]启动定时器: timerLotteryCount, timerReceiveCoin, timerReceiveCash, timerShowMessage
[2016/11/11 23:59:34]当前兑奖模式:INTRADAK_SG
[2016/11/11 23:59:34]启动SG兑奖心跳包，开始发心跳
