[2016/12/28 13:39:46]启动购彩程序...
[2016/12/28 13:39:50]读取配置信息...
[2016/12/28 13:39:50]更新远程主机信息...
[2016/12/28 13:39:50]初始化机头彩种信息...
[2016/12/28 13:39:50]初始化异常:unable to open database file
[2016/12/28 13:44:13]启动购彩程序...
[2016/12/28 13:44:14]读取配置信息...
[2016/12/28 13:44:14]更新远程主机信息...
[2016/12/28 13:44:14]初始化机头彩种信息...
[2016/12/28 13:44:14]初始化异常:unable to open database file
[2016/12/28 13:44:44]启动购彩程序...
[2016/12/28 13:44:45]读取配置信息...
[2016/12/28 13:44:45]更新远程主机信息...
[2016/12/28 13:44:45]初始化机头彩种信息...
[2016/12/28 13:44:45]初始化异常:unable to open database file
[2016/12/28 13:45:13]启动购彩程序...
[2016/12/28 13:45:26]读取配置信息...
[2016/12/28 13:45:27]更新远程主机信息...
[2016/12/28 13:45:28]初始化机头彩种信息...
[2016/12/28 13:45:35]初始化异常:unable to open database file
[2016/12/28 13:45:53]启动购彩程序...
[2016/12/28 13:46:02]读取配置信息...
[2016/12/28 13:46:03]更新远程主机信息...
[2016/12/28 13:46:05]初始化机头彩种信息...
[2016/12/28 13:46:18]启动购彩程序...
[2016/12/28 13:46:21]读取配置信息...
[2016/12/28 13:46:21]更新远程主机信息...
[2016/12/28 13:46:21]初始化机头彩种信息...
[2016/12/28 13:46:33]初始化异常:unable to open database file
[2016/12/28 13:46:37]启动购彩程序...
[2016/12/28 13:46:41]读取配置信息...
[2016/12/28 13:46:41]更新远程主机信息...
[2016/12/28 13:46:41]初始化机头彩种信息...
[2016/12/28 13:47:30]初始化异常:unable to open database file
[2016/12/28 13:48:06]启动购彩程序...
[2016/12/28 13:48:10]读取配置信息...
[2016/12/28 13:48:10]更新远程主机信息...
[2016/12/28 13:48:10]初始化机头彩种信息...
[2016/12/28 13:48:14]读取现金信息...
[2016/12/28 13:48:16]硬币个数:0,纸币张数:0,购买余额:0
[2016/12/28 13:48:22]加载机头彩种图片...
[2016/12/28 13:48:30]初始化异常:D:\CYTX\YTDSST\YTDSST\bin\x86\Debug//Images//13_8.png
[2016/12/28 13:48:35]启动购彩程序...
[2016/12/28 13:48:39]读取配置信息...
[2016/12/28 13:48:39]更新远程主机信息...
[2016/12/28 13:48:39]初始化机头彩种信息...
[2016/12/28 13:48:42]读取现金信息...
[2016/12/28 13:48:42]硬币个数:0,纸币张数:0,购买余额:0
[2016/12/28 13:48:42]加载机头彩种图片...
[2016/12/28 13:49:02]启动购彩程序...
[2016/12/28 13:49:03]读取配置信息...
[2016/12/28 13:49:03]更新远程主机信息...
[2016/12/28 13:49:03]初始化机头彩种信息...
[2016/12/28 13:49:03]读取现金信息...
[2016/12/28 13:49:03]硬币个数:0,纸币张数:0,购买余额:0
[2016/12/28 13:49:03]加载机头彩种图片...
[2016/12/28 13:51:40]启动购彩程序...
[2016/12/28 13:51:42]读取配置信息...
[2016/12/28 13:51:42]更新远程主机信息...
[2016/12/28 13:51:42]初始化机头彩种信息...
[2016/12/28 13:51:42]读取现金信息...
[2016/12/28 13:51:42]硬币个数:0,纸币张数:0,购买余额:0
[2016/12/28 13:51:42]加载机头彩种图片...
[2016/12/28 13:51:54]加载机头彩种图片成功!
[2016/12/28 14:21:33]启动购彩程序...
[2016/12/28 14:21:33]读取配置信息...
[2016/12/28 14:21:33]更新远程主机信息...
[2016/12/28 14:21:33]初始化机头彩种信息...
[2016/12/28 14:21:34]读取现金信息...
[2016/12/28 14:21:34]硬币个数:0,纸币张数:0,购买余额:0
[2016/12/28 14:21:34]加载机头彩种图片...
[2016/12/28 14:21:37]加载机头彩种图片成功!
[2016/12/28 14:21:56]机头异常:端口被关闭。
[2016/12/28 14:21:57]初始化找币器...
[2016/12/28 14:21:57]找币器:端口被关闭。
[2016/12/28 14:21:57]启动控制板定时器: timerQuery
[2016/12/28 14:21:57]控制板:端口被关闭。
[2016/12/28 14:21:57]初始化硬币器...
[2016/12/28 14:21:57]硬币器:端口被关闭。
[2016/12/28 14:21:57]初始化纸币收币器...
[2016/12/28 14:21:57]初始化纸币收币器成功!
[2016/12/28 14:21:57]启动定时器: timerLotteryCount, timerReceiveCoin, timerReceiveCash, timerShowMessage
[2016/12/28 14:21:57]当前兑奖模式:INTRADAK_SG
[2016/12/28 14:21:57]启动SG兑奖心跳包，开始发心跳
[2016/12/28 14:32:58]启动购彩程序...
[2016/12/28 14:32:59]读取配置信息...
[2016/12/28 14:32:59]更新远程主机信息...
[2016/12/28 14:32:59]初始化机头彩种信息...
[2016/12/28 14:32:59]读取现金信息...
[2016/12/28 14:32:59]硬币个数:0,纸币张数:0,购买余额:0
[2016/12/28 14:32:59]加载机头彩种图片...
[2016/12/28 14:33:04]加载机头彩种图片成功!
[2016/12/28 14:33:21]机头异常:端口被关闭。
[2016/12/28 14:33:21]初始化找币器...
[2016/12/28 14:33:21]找币器:端口被关闭。
[2016/12/28 14:33:21]启动控制板定时器: timerQuery
[2016/12/28 14:33:21]控制板:端口被关闭。
[2016/12/28 14:33:21]初始化硬币器...
[2016/12/28 14:33:21]硬币器:端口被关闭。
[2016/12/28 14:33:21]初始化纸币收币器...
[2016/12/28 14:33:21]初始化纸币收币器成功!
[2016/12/28 14:33:21]启动定时器: timerLotteryCount, timerReceiveCoin, timerReceiveCash, timerShowMessage
[2016/12/28 14:33:21]当前兑奖模式:INTRADAK_SG
[2016/12/28 14:33:21]启动SG兑奖心跳包，开始发心跳
[2016/12/28 14:34:15]启动购彩程序...
[2016/12/28 14:34:16]读取配置信息...
[2016/12/28 14:34:16]更新远程主机信息...
[2016/12/28 14:34:16]初始化机头彩种信息...
[2016/12/28 14:34:16]读取现金信息...
[2016/12/28 14:34:16]硬币个数:0,纸币张数:0,购买余额:0
[2016/12/28 14:34:16]加载机头彩种图片...
[2016/12/28 14:34:19]加载机头彩种图片成功!
[2016/12/28 14:34:36]机头异常:端口被关闭。
[2016/12/28 14:34:36]初始化找币器...
[2016/12/28 14:34:36]找币器:端口被关闭。
[2016/12/28 14:34:36]启动控制板定时器: timerQuery
[2016/12/28 14:34:36]控制板:端口被关闭。
[2016/12/28 14:34:36]初始化硬币器...
[2016/12/28 14:34:36]硬币器:端口被关闭。
[2016/12/28 14:34:36]初始化纸币收币器...
[2016/12/28 14:34:36]初始化纸币收币器成功!
[2016/12/28 14:34:36]启动定时器: timerLotteryCount, timerReceiveCoin, timerReceiveCash, timerShowMessage
[2016/12/28 14:34:36]当前兑奖模式:INTRADAK_SG
[2016/12/28 14:34:36]启动SG兑奖心跳包，开始发心跳
[2016/12/28 14:39:02]启动购彩程序...
[2016/12/28 14:39:03]读取配置信息...
[2016/12/28 14:39:03]更新远程主机信息...
[2016/12/28 14:39:03]初始化机头彩种信息...
[2016/12/28 14:39:03]读取现金信息...
[2016/12/28 14:39:03]硬币个数:0,纸币张数:0,购买余额:0
[2016/12/28 14:39:03]加载机头彩种图片...
[2016/12/28 14:39:06]加载机头彩种图片成功!
[2016/12/28 14:39:18]机头异常:端口被关闭。
[2016/12/28 14:39:18]初始化找币器...
[2016/12/28 14:39:18]找币器:端口被关闭。
[2016/12/28 14:39:18]启动控制板定时器: timerQuery
[2016/12/28 14:39:18]控制板:端口被关闭。
[2016/12/28 14:39:18]初始化硬币器...
[2016/12/28 14:39:18]硬币器:端口被关闭。
[2016/12/28 14:39:18]初始化纸币收币器...
[2016/12/28 14:39:18]初始化纸币收币器成功!
[2016/12/28 14:39:18]启动定时器: timerLotteryCount, timerReceiveCoin, timerReceiveCash, timerShowMessage
[2016/12/28 14:39:18]当前兑奖模式:INTRADAK_SG
[2016/12/28 14:39:18]启动SG兑奖心跳包，开始发心跳
[2016/12/28 14:41:47]启动购彩程序...
[2016/12/28 14:41:47]读取配置信息...
[2016/12/28 14:41:47]更新远程主机信息...
[2016/12/28 14:41:47]初始化机头彩种信息...
[2016/12/28 14:41:47]读取现金信息...
[2016/12/28 14:41:47]硬币个数:0,纸币张数:0,购买余额:0
[2016/12/28 14:41:47]加载机头彩种图片...
[2016/12/28 14:41:47]加载机头彩种图片成功!
[2016/12/28 14:41:58]机头异常:端口被关闭。
[2016/12/28 14:41:58]初始化找币器...
[2016/12/28 14:41:58]找币器:端口被关闭。
[2016/12/28 14:41:58]启动控制板定时器: timerQuery
[2016/12/28 14:41:58]控制板:端口被关闭。
[2016/12/28 14:41:58]初始化硬币器...
[2016/12/28 14:41:58]硬币器:端口被关闭。
[2016/12/28 14:41:58]初始化纸币收币器...
[2016/12/28 14:41:58]初始化纸币收币器成功!
[2016/12/28 14:41:58]启动定时器: timerLotteryCount, timerReceiveCoin, timerReceiveCash, timerShowMessage
[2016/12/28 14:41:58]当前兑奖模式:INTRADAK_SG
[2016/12/28 14:41:58]启动SG兑奖心跳包，开始发心跳
[2016/12/28 14:46:02]启动购彩程序...
[2016/12/28 14:46:03]读取配置信息...
[2016/12/28 14:46:03]更新远程主机信息...
[2016/12/28 14:46:03]初始化机头彩种信息...
[2016/12/28 14:46:03]读取现金信息...
[2016/12/28 14:46:03]硬币个数:0,纸币张数:0,购买余额:0
[2016/12/28 14:46:03]加载机头彩种图片...
[2016/12/28 14:46:09]加载机头彩种图片成功!
[2016/12/28 14:46:25]机头异常:端口被关闭。
[2016/12/28 14:46:25]初始化找币器...
[2016/12/28 14:46:25]找币器:端口被关闭。
[2016/12/28 14:46:25]启动控制板定时器: timerQuery
[2016/12/28 14:46:25]控制板:端口被关闭。
[2016/12/28 14:46:25]初始化硬币器...
[2016/12/28 14:46:25]硬币器:端口被关闭。
[2016/12/28 14:46:25]初始化纸币收币器...
[2016/12/28 14:46:25]初始化纸币收币器成功!
[2016/12/28 14:46:25]启动定时器: timerLotteryCount, timerReceiveCoin, timerReceiveCash, timerShowMessage
[2016/12/28 14:46:25]当前兑奖模式:INTRADAK_SG
[2016/12/28 14:46:25]启动SG兑奖心跳包，开始发心跳
[2016/12/28 16:14:12]启动购彩程序...
[2016/12/28 16:14:13]读取配置信息...
[2016/12/28 16:14:13]更新远程主机信息...
[2016/12/28 16:14:13]初始化机头彩种信息...
[2016/12/28 16:14:14]读取现金信息...
[2016/12/28 16:14:14]硬币个数:0,纸币张数:0,购买余额:0
[2016/12/28 16:14:14]加载机头彩种图片...
[2016/12/28 16:14:17]加载机头彩种图片成功!
[2016/12/28 16:14:29]机头异常:端口被关闭。
[2016/12/28 16:14:29]初始化找币器...
[2016/12/28 16:14:29]找币器:端口被关闭。
[2016/12/28 16:14:29]启动控制板定时器: timerQuery
[2016/12/28 16:14:29]控制板:端口被关闭。
[2016/12/28 16:14:29]初始化硬币器...
[2016/12/28 16:14:29]硬币器:端口被关闭。
[2016/12/28 16:14:29]初始化纸币收币器...
[2016/12/28 16:14:29]初始化纸币收币器成功!
[2016/12/28 16:14:29]启动定时器: timerLotteryCount, timerReceiveCoin, timerReceiveCash, timerShowMessage
[2016/12/28 16:14:29]当前兑奖模式:INTRADAK_SG
[2016/12/28 16:14:29]启动SG兑奖心跳包，开始发心跳
